<?xml version="1.0" encoding="UTF-8"?>
<!-- Generated by org.testng.reporters.JUnitXMLReporter -->
<testsuite hostname="DESKTOP-5TDGN5L" ignored="0" name="Default test" tests="4" failures="0" timestamp="21 Sep 2021 23:14:07 GMT" time="4.071" errors="0">
  <testcase name="gettingwhtherinfo" time="3.36" classname="whetherApi.whether"/>
  <testcase name="gettingwhtherinfo2" time="0.326" classname="whetherApi.whether"/>
  <testcase name="gettingwhtherinfo3" time="0.177" classname="whetherApi.whether"/>
  <testcase name="gettingwhtherinfo4" time="0.119" classname="whetherApi.whether"/>
</testsuite> <!-- Default test -->
